Start testing: Feb 08 20:08 IST
----------------------------------------------------------
1/17 Testing: benchmark_gemm_v0
1/17 Test: benchmark_gemm_v0
Command: "/Users/shamit/Documents/code/hpc/atlas/build/benchmark_gemm_v0"
Directory: /Users/shamit/Documents/code/hpc/atlas/build
"benchmark_gemm_v0" start time: Feb 08 20:08 IST
Output:
----------------------------------------------------------

=== GEMM v0 naive ===
       M       N       K     Time(s)     GFLOP/s        AI
----------------------------------------------------------

-- Square matrices --
       8       8       8    0.000000        2.24      1.33
      16      16      16    0.000003        3.12      2.67
      32      32      32    0.000023        2.86      5.33
      64      64      64    0.000247        2.12     10.67
     128     128     128    0.002248        1.87     21.33
     256     256     256    0.017365        1.93     42.67
     512     512     512    0.134516        2.00     85.33
    1024    1024    1024    1.171847        1.83    170.67

-- Tall-skinny (B reuse) --
     128      64    1024    0.008998        1.86     20.48
     256      64    1024    0.017992        1.86     24.38
     512      64    1024    0.035982        1.87     26.95
    1024      64    1024    0.072242        1.86     28.44

-- Wide (A reuse) --
      64     128    1024    0.009033        1.86     20.48
      64     256    1024    0.018013        1.86     24.38
      64     512    1024    0.035991        1.86     26.95
      64    1024    1024    0.072668        1.85     28.44

-- Large-K regime --
     256     256     128    0.005775        2.91     32.00
     256     256     256    0.014487        2.32     42.67
     256     256     512    0.033688        1.99     51.20
     256     256    1024    0.072346        1.86     56.89
     256     256    2048    0.148811        1.80     60.24

-- Cache-stress --
     384     384     384    0.053945        2.10     64.00
     512     512     512    0.134785        1.99     85.33
     768     768     768    0.476949        1.90    128.00
<end of output>
Test time =   5.10 sec
----------------------------------------------------------
Test Passed.
"benchmark_gemm_v0" end time: Feb 08 20:08 IST
"benchmark_gemm_v0" time elapsed: 00:00:05
----------------------------------------------------------

2/17 Testing: benchmark_gemm_v1
2/17 Test: benchmark_gemm_v1
Command: "/Users/shamit/Documents/code/hpc/atlas/build/benchmark_gemm_v1"
Directory: /Users/shamit/Documents/code/hpc/atlas/build
"benchmark_gemm_v1" start time: Feb 08 20:08 IST
Output:
----------------------------------------------------------

=== GEMM v1 loop reorder ===
       M       N       K     Time(s)     GFLOP/s        AI
----------------------------------------------------------

-- Square matrices --
       8       8       8    0.000000        4.92      1.33
      16      16      16    0.000001       10.92      2.67
      32      32      32    0.000004       14.70      5.33
      64      64      64    0.000022       24.15     10.67
     128     128     128    0.000128       32.73     21.33
     256     256     256    0.001237       27.13     42.67
     512     512     512    0.009496       28.27     85.33
    1024    1024    1024    0.075588       28.41    170.67

-- Tall-skinny (B reuse) --
     128      64    1024    0.000721       23.27     20.48
     256      64    1024    0.001446       23.20     24.38
     512      64    1024    0.002886       23.25     26.95
    1024      64    1024    0.005800       23.14     28.44

-- Wide (A reuse) --
      64     128    1024    0.000598       28.05     20.48
      64     256    1024    0.001189       28.23     24.38
      64     512    1024    0.002370       28.32     26.95
      64    1024    1024    0.004724       28.41     28.44

-- Large-K regime --
     256     256     128    0.000530       31.64     32.00
     256     256     256    0.001212       27.69     42.67
     256     256     512    0.002378       28.23     51.20
     256     256    1024    0.004741       28.31     56.89
     256     256    2048    0.009492       28.28     60.24

-- Cache-stress --
     384     384     384    0.004027       28.12     64.00
     512     512     512    0.009472       28.34     85.33
     768     768     768    0.032163       28.17    128.00
<end of output>
Test time =   0.35 sec
----------------------------------------------------------
Test Passed.
"benchmark_gemm_v1" end time: Feb 08 20:08 IST
"benchmark_gemm_v1" time elapsed: 00:00:00
----------------------------------------------------------

3/17 Testing: benchmark_gemm_v2
3/17 Test: benchmark_gemm_v2
Command: "/Users/shamit/Documents/code/hpc/atlas/build/benchmark_gemm_v2"
Directory: /Users/shamit/Documents/code/hpc/atlas/build
"benchmark_gemm_v2" start time: Feb 08 20:08 IST
Output:
----------------------------------------------------------

=== GEMM v2 blocked ===
       M       N       K     Time(s)     GFLOP/s        AI
----------------------------------------------------------

-- Square matrices --
       8       8       8    0.000000        3.51      1.33
      16      16      16    0.000001        8.19      2.67
      32      32      32    0.000004       15.73      5.33
      64      64      64    0.000020       25.68     10.67
     128     128     128    0.000164       25.51     21.33
     256     256     256    0.001355       24.77     42.67
     512     512     512    0.012301       21.82     85.33
    1024    1024    1024    0.107758       19.93    170.67

-- Tall-skinny (B reuse) --
     128      64    1024    0.000679       24.72     20.48
     256      64    1024    0.001369       24.52     24.38
     512      64    1024    0.002709       24.78     26.95
    1024      64    1024    0.005420       24.76     28.44

-- Wide (A reuse) --
      64     128    1024    0.000681       24.64     20.48
      64     256    1024    0.001358       24.71     24.38
      64     512    1024    0.003083       21.77     26.95
      64    1024    1024    0.006674       20.11     28.44

-- Large-K regime --
     256     256     128    0.000689       24.36     32.00
     256     256     256    0.001367       24.54     42.67
     256     256     512    0.002709       24.78     51.20
     256     256    1024    0.005436       24.69     56.89
     256     256    2048    0.010881       24.67     60.24

-- Cache-stress --
     384     384     384    0.004579       24.73     64.00
     512     512     512    0.012189       22.02     85.33
     768     768     768    0.036917       24.54    128.00
<end of output>
Test time =   0.45 sec
----------------------------------------------------------
Test Passed.
"benchmark_gemm_v2" end time: Feb 08 20:08 IST
"benchmark_gemm_v2" time elapsed: 00:00:00
----------------------------------------------------------

4/17 Testing: benchmark_gemm_v3
4/17 Test: benchmark_gemm_v3
Command: "/Users/shamit/Documents/code/hpc/atlas/build/benchmark_gemm_v3"
Directory: /Users/shamit/Documents/code/hpc/atlas/build
"benchmark_gemm_v3" start time: Feb 08 20:08 IST
Output:
----------------------------------------------------------

=== GEMM v3 scalar tile ===
       M       N       K     Time(s)     GFLOP/s        AI
----------------------------------------------------------

-- Square matrices --
       8       8       8    0.000000        4.92      1.33
      16      16      16    0.000001        7.86      2.67
      32      32      32    0.000005       12.39      5.33
      64      64      64    0.000042       12.60     10.67
     128     128     128    0.000333       12.61     21.33
     256     256     256    0.002678       12.53     42.67
     512     512     512    0.023507       11.42     85.33
    1024    1024    1024    0.203662       10.54    170.67

-- Tall-skinny (B reuse) --
     128      64    1024    0.001360       12.34     20.48
     256      64    1024    0.002741       12.24     24.38
     512      64    1024    0.005448       12.32     26.95
    1024      64    1024    0.011106       12.09     28.44

-- Wide (A reuse) --
      64     128    1024    0.001379       12.17     20.48
      64     256    1024    0.002723       12.32     24.38
      64     512    1024    0.005866       11.44     26.95
      64    1024    1024    0.012593       10.66     28.44

-- Large-K regime --
     256     256     128    0.001368       12.26     32.00
     256     256     256    0.002787       12.04     42.67
     256     256     512    0.005453       12.31     51.20
     256     256    1024    0.010899       12.32     56.89
     256     256    2048    0.021851       12.29     60.24

-- Cache-stress --
     384     384     384    0.009228       12.27     64.00
     512     512     512    0.023379       11.48     85.33
     768     768     768    0.074578       12.15    128.00
<end of output>
Test time =   0.86 sec
----------------------------------------------------------
Test Passed.
"benchmark_gemm_v3" end time: Feb 08 20:08 IST
"benchmark_gemm_v3" time elapsed: 00:00:00
----------------------------------------------------------

5/17 Testing: benchmark_gemm_v4_4x4
5/17 Test: benchmark_gemm_v4_4x4
Command: "/Users/shamit/Documents/code/hpc/atlas/build/benchmark_gemm_v4_4x4"
Directory: /Users/shamit/Documents/code/hpc/atlas/build
"benchmark_gemm_v4_4x4" start time: Feb 08 20:08 IST
Output:
----------------------------------------------------------

=== GEMM v4 NEON 4x4 ===
       M       N       K     Time(s)     GFLOP/s        AI
----------------------------------------------------------

-- Square matrices --
       8       8       8    0.000000       12.34      1.33
      16      16      16    0.000000       32.77      2.67
      32      32      32    0.000002       43.69      5.33
      64      64      64    0.000013       39.44     10.67
     128     128     128    0.000124       33.69     21.33
     256     256     256    0.001175       28.55     42.67
     512     512     512    0.009541       28.14     85.33
    1024    1024    1024    0.078914       27.21    170.67

-- Tall-skinny (B reuse) --
     128      64    1024    0.000608       27.60     20.48
     256      64    1024    0.001209       27.75     24.38
     512      64    1024    0.002456       27.32     26.95
    1024      64    1024    0.004840       27.73     28.44

-- Wide (A reuse) --
      64     128    1024    0.000604       27.78     20.48
      64     256    1024    0.001209       27.75     24.38
      64     512    1024    0.002424       27.69     26.95
      64    1024    1024    0.004874       27.54     28.44

-- Large-K regime --
     256     256     128    0.000534       31.41     32.00
     256     256     256    0.001160       28.92     42.67
     256     256     512    0.002366       28.37     51.20
     256     256    1024    0.004829       27.79     56.89
     256     256    2048    0.009853       27.25     60.24

-- Cache-stress --
     384     384     384    0.003935       28.78     64.00
     512     512     512    0.009476       28.33     85.33
     768     768     768    0.032544       27.84    128.00
<end of output>
Test time =   0.36 sec
----------------------------------------------------------
Test Passed.
"benchmark_gemm_v4_4x4" end time: Feb 08 20:08 IST
"benchmark_gemm_v4_4x4" time elapsed: 00:00:00
----------------------------------------------------------

6/17 Testing: benchmark_gemm_v4_8x8
6/17 Test: benchmark_gemm_v4_8x8
Command: "/Users/shamit/Documents/code/hpc/atlas/build/benchmark_gemm_v4_8x8"
Directory: /Users/shamit/Documents/code/hpc/atlas/build
"benchmark_gemm_v4_8x8" start time: Feb 08 20:08 IST
Output:
----------------------------------------------------------

=== GEMM v4 NEON 8x8 ===
       M       N       K     Time(s)     GFLOP/s        AI
----------------------------------------------------------

-- Square matrices --
       8       8       8    0.000000       24.38      1.33
      16      16      16    0.000000       49.05      2.67
      32      32      32    0.000001       65.54      5.33
      64      64      64    0.000008       68.02     10.67
     128     128     128    0.000059       71.34     21.33
     256     256     256    0.000461       72.83     42.67
     512     512     512    0.003644       73.67     85.33
    1024    1024    1024    0.029081       73.85    170.67

-- Tall-skinny (B reuse) --
     128      64    1024    0.000236       71.10     20.48
     256      64    1024    0.000471       71.17     24.38
     512      64    1024    0.000946       70.96     26.95
    1024      64    1024    0.001878       71.47     28.44

-- Wide (A reuse) --
      64     128    1024    0.000235       71.47     20.48
      64     256    1024    0.000476       70.57     24.38
      64     512    1024    0.000905       74.13     26.95
      64    1024    1024    0.001803       74.44     28.44

-- Large-K regime --
     256     256     128    0.000236       71.01     32.00
     256     256     256    0.000460       72.98     42.67
     256     256     512    0.000910       73.72     51.20
     256     256    1024    0.001819       73.78     56.89
     256     256    2048    0.003646       73.63     60.24

-- Cache-stress --
     384     384     384    0.001525       74.24     64.00
     512     512     512    0.003624       74.07     85.33
     768     768     768    0.012119       74.75    128.00
<end of output>
Test time =   0.14 sec
----------------------------------------------------------
Test Passed.
"benchmark_gemm_v4_8x8" end time: Feb 08 20:08 IST
"benchmark_gemm_v4_8x8" time elapsed: 00:00:00
----------------------------------------------------------

7/17 Testing: benchmark_gemm_v5
7/17 Test: benchmark_gemm_v5
Command: "/Users/shamit/Documents/code/hpc/atlas/build/benchmark_gemm_v5"
Directory: /Users/shamit/Documents/code/hpc/atlas/build
"benchmark_gemm_v5" start time: Feb 08 20:08 IST
Output:
----------------------------------------------------------

=== GEMM v5 Packed + NEON ===
       M       N       K     Time(s)     GFLOP/s        AI
----------------------------------------------------------

-- Square matrices --
       8       8       8    0.000004        0.28      1.33
      16      16      16    0.000001        8.54      2.67
      32      32      32    0.000002       38.37      5.33
      64      64      64    0.000007       75.35     10.67
     128     128     128    0.000048       86.78     21.33
     256     256     256    0.000441       76.14     42.67
     512     512     512    0.003553       75.55     85.33
    1024    1024    1024    0.028414       75.58    170.67

-- Tall-skinny (B reuse) --
     128      64    1024    0.000190       88.24     20.48
     256      64    1024    0.000371       90.38     24.38
     512      64    1024    0.000750       89.44     26.95
    1024      64    1024    0.001481       90.60     28.44

-- Wide (A reuse) --
      64     128    1024    0.000218       76.97     20.48
      64     256    1024    0.000462       72.70     24.38
      64     512    1024    0.000925       72.59     26.95
      64    1024    1024    0.001847       72.68     28.44

-- Large-K regime --
     256     256     128    0.000228       73.49     32.00
     256     256     256    0.000444       75.52     42.67
     256     256     512    0.000896       74.92     51.20
     256     256    1024    0.001771       75.80     56.89
     256     256    2048    0.003537       75.90     60.24

-- Cache-stress --
     384     384     384    0.001436       78.86     64.00
     512     512     512    0.003543       75.77     85.33
     768     768     768    0.011957       75.77    128.00
<end of output>
Test time =   0.14 sec
----------------------------------------------------------
Test Passed.
"benchmark_gemm_v5" end time: Feb 08 20:08 IST
"benchmark_gemm_v5" time elapsed: 00:00:00
----------------------------------------------------------

8/17 Testing: benchmark_gemm_v6
8/17 Test: benchmark_gemm_v6
Command: "/Users/shamit/Documents/code/hpc/atlas/build/benchmark_gemm_v6"
Directory: /Users/shamit/Documents/code/hpc/atlas/build
"benchmark_gemm_v6" start time: Feb 08 20:08 IST
Output:
----------------------------------------------------------

=== GEMM v6 Parallel Packed + NEON ===
       M       N       K     Time(s)     GFLOP/s        AI
----------------------------------------------------------

-- Square matrices --
       8       8       8    0.000082        0.01      1.33
      16      16      16    0.000088        0.09      2.67
      32      32      32    0.000081        0.81      5.33
      64      64      64    0.000084        6.27     10.67
     128     128     128    0.000085       49.10     21.33
     256     256     256    0.000581       57.72     42.67
     512     512     512    0.001144      234.60     85.33
    1024    1024    1024    0.006585      326.11    170.67

-- Tall-skinny (B reuse) --
     128      64    1024    0.000243       69.02     20.48
     256      64    1024    0.000444       75.52     24.38
     512      64    1024    0.000444      151.15     26.95
    1024      64    1024    0.000537      249.92     28.44

-- Wide (A reuse) --
      64     128    1024    0.000265       63.30     20.48
      64     256    1024    0.000546       61.49     24.38
      64     512    1024    0.000527      127.35     26.95
      64    1024    1024    0.000615      218.08     28.44

-- Large-K regime --
     256     256     128    0.000270       62.04     32.00
     256     256     256    0.000490       68.47     42.67
     256     256     512    0.000947       70.83     51.20
     256     256    1024    0.001843       72.82     56.89
     256     256    2048    0.003698       72.59     60.24

-- Cache-stress --
     384     384     384    0.000716      158.11     64.00
     512     512     512    0.001066      251.85     85.33
     768     768     768    0.003283      275.99    128.00
<end of output>
Test time =   0.06 sec
----------------------------------------------------------
Test Passed.
"benchmark_gemm_v6" end time: Feb 08 20:08 IST
"benchmark_gemm_v6" time elapsed: 00:00:00
----------------------------------------------------------

9/17 Testing: benchmark_naive_vs_packed
9/17 Test: benchmark_naive_vs_packed
Command: "/Users/shamit/Documents/code/hpc/atlas/build/benchmark_naive_vs_packed"
Directory: /Users/shamit/Documents/code/hpc/atlas/build
"benchmark_naive_vs_packed" start time: Feb 08 20:08 IST
Output:
----------------------------------------------------------

=== PACKING vs NAIVE SCALING TEST ===

   Size        |  Naive GF  | Packed GF | Speed  | Check
--------------------------------------------------------------
     8x     8x     8 |     3.51 |     2.46 |   0.70x | OK
    16x    16x    16 |     5.17 |     5.04 |   0.97x | OK
    32x    32x    32 |     4.82 |     4.71 |   0.98x | OK
    64x    64x    64 |     3.71 |     4.82 |   1.30x | OK
    96x    96x    96 |     2.98 |     4.82 |   1.62x | OK
   128x   128x   128 |     2.85 |     4.74 |   1.67x | OK
   192x   192x   192 |     2.61 |     4.81 |   1.84x | OK
   256x   256x   256 |     1.72 |     4.78 |   2.77x | OK
   320x   320x   320 |     2.21 |     4.82 |   2.18x | OK
   400x   400x   400 |     2.11 |     4.86 |   2.31x | OK
   512x   512x   512 |     1.75 |     4.75 |   2.72x | OK
   640x   640x   640 |     1.76 |     4.80 |   2.73x | OK
  1024x  1024x  1024 |     1.72 |     4.74 |   2.76x | OK

(Observe when speedup crosses 1.0x)

<end of output>
Test time =   7.56 sec
----------------------------------------------------------
Test Passed.
"benchmark_naive_vs_packed" end time: Feb 08 20:08 IST
"benchmark_naive_vs_packed" time elapsed: 00:00:07
----------------------------------------------------------

10/17 Testing: test_basic_blocked_gemm
10/17 Test: test_basic_blocked_gemm
Command: "/Users/shamit/Documents/code/hpc/atlas/build/test_basic_blocked_gemm"
Directory: /Users/shamit/Documents/code/hpc/atlas/build
"test_basic_blocked_gemm" start time: Feb 08 20:08 IST
Output:
----------------------------------------------------------

=== TEST: Basic Blocked GEMM Using Atlas Memory ===
Max error: 0
Basic Blocked GEMM PASSED
<end of output>
Test time =   0.01 sec
----------------------------------------------------------
Test Passed.
"test_basic_blocked_gemm" end time: Feb 08 20:08 IST
"test_basic_blocked_gemm" time elapsed: 00:00:00
----------------------------------------------------------

11/17 Testing: test_gemm_correctness
11/17 Test: test_gemm_correctness
Command: "/Users/shamit/Documents/code/hpc/atlas/build/test_gemm_correctness"
Directory: /Users/shamit/Documents/code/hpc/atlas/build
"test_gemm_correctness" start time: Feb 08 20:08 IST
Output:
----------------------------------------------------------

=== GEMM v6 Parallel Correctness Check ===
     N      max |v6 - naive|
------------------------------
     8                     0
    16                     0
    32                     0
    64                     0
    96                     0
   128                     0
   192                     0
   256                     0

✅ GEMM v6 passed all correctness checks.
<end of output>
Test time =   0.03 sec
----------------------------------------------------------
Test Passed.
"test_gemm_correctness" end time: Feb 08 20:08 IST
"test_gemm_correctness" time elapsed: 00:00:00
----------------------------------------------------------

12/17 Testing: test_layout_and_alignment
12/17 Test: test_layout_and_alignment
Command: "/Users/shamit/Documents/code/hpc/atlas/build/test_layout_and_alignment"
Directory: /Users/shamit/Documents/code/hpc/atlas/build
"test_layout_and_alignment" start time: Feb 08 20:08 IST
Output:
----------------------------------------------------------

=== TEST: Layout & Alignment ===
Total capacity: 82176
A capacity: 32768
B capacity: 49152
Accum capacity: 256
Layout & Alignment PASSED
<end of output>
Test time =   0.01 sec
----------------------------------------------------------
Test Passed.
"test_layout_and_alignment" end time: Feb 08 20:08 IST
"test_layout_and_alignment" time elapsed: 00:00:00
----------------------------------------------------------

13/17 Testing: test_layout_math
13/17 Test: test_layout_math
Command: "/Users/shamit/Documents/code/hpc/atlas/build/test_layout_math"
Directory: /Users/shamit/Documents/code/hpc/atlas/build
"test_layout_math" start time: Feb 08 20:08 IST
Output:
----------------------------------------------------------

=== TEST: Layout Math ===
Layout math PASSED
<end of output>
Test time =   0.01 sec
----------------------------------------------------------
Test Passed.
"test_layout_math" end time: Feb 08 20:08 IST
"test_layout_math" time elapsed: 00:00:00
----------------------------------------------------------

14/17 Testing: test_multiple_block_configs
14/17 Test: test_multiple_block_configs
Command: "/Users/shamit/Documents/code/hpc/atlas/build/test_multiple_block_configs"
Directory: /Users/shamit/Documents/code/hpc/atlas/build
"test_multiple_block_configs" start time: Feb 08 20:08 IST
Output:
----------------------------------------------------------

=== TEST: Multiple Block Configurations ===
Config BM=64 BN=64 BK=64 OK
Config BM=128 BN=128 BK=64 OK
Config BM=256 BN=128 BK=128 OK
Config BM=192 BN=256 BK=128 OK
Multiple configs PASSED
<end of output>
Test time =   0.01 sec
----------------------------------------------------------
Test Passed.
"test_multiple_block_configs" end time: Feb 08 20:08 IST
"test_multiple_block_configs" time elapsed: 00:00:00
----------------------------------------------------------

15/17 Testing: test_packing_correctness
15/17 Test: test_packing_correctness
Command: "/Users/shamit/Documents/code/hpc/atlas/build/test_packing_correctness"
Directory: /Users/shamit/Documents/code/hpc/atlas/build
"test_packing_correctness" start time: Feb 08 20:08 IST
Output:
----------------------------------------------------------

=== TEST: Packing Correctness ===
Packing PASSED
<end of output>
Test time =   0.01 sec
----------------------------------------------------------
Test Passed.
"test_packing_correctness" end time: Feb 08 20:08 IST
"test_packing_correctness" time elapsed: 00:00:00
----------------------------------------------------------

16/17 Testing: test_reset_behavior
16/17 Test: test_reset_behavior
Command: "/Users/shamit/Documents/code/hpc/atlas/build/test_reset_behavior"
Directory: /Users/shamit/Documents/code/hpc/atlas/build
"test_reset_behavior" start time: Feb 08 20:08 IST
Output:
----------------------------------------------------------

=== TEST: Reset Behavior ===
Reset PASSED
<end of output>
Test time =   0.01 sec
----------------------------------------------------------
Test Passed.
"test_reset_behavior" end time: Feb 08 20:08 IST
"test_reset_behavior" time elapsed: 00:00:00
----------------------------------------------------------

17/17 Testing: test_stress_allocation
17/17 Test: test_stress_allocation
Command: "/Users/shamit/Documents/code/hpc/atlas/build/test_stress_allocation"
Directory: /Users/shamit/Documents/code/hpc/atlas/build
"test_stress_allocation" start time: Feb 08 20:08 IST
Output:
----------------------------------------------------------

=== TEST: Stress Allocation ===
Iteration 0
Iteration 250
Iteration 500
Iteration 750
Iteration 1000
Iteration 1250
Iteration 1500
Iteration 1750
Stress PASSED
<end of output>
Test time =   0.01 sec
----------------------------------------------------------
Test Passed.
"test_stress_allocation" end time: Feb 08 20:08 IST
"test_stress_allocation" time elapsed: 00:00:00
----------------------------------------------------------

End testing: Feb 08 20:08 IST
